analyze -format sverilog {   adder.sv   flopr.sv   imm_Gen.sv   mux2.sv   mux3t1.sv  ForwardingUnit.sv  HazardDetectUnit.sv  IDEXEReg.sv  IFReg.sv  MemReg.sv  WBregFile.sv  datamemory.sv   instructionmemory.sv   ALUController.sv   alu.sv   RegFile.sv   Controller.sv   Datapath.sv   RISC_V.sv }
Running PRESTO HDLC
Searching for ./adder.sv
Searching for /ecelib/linware/synopsys15/dc/libraries/syn/adder.sv
Searching for /ecelib/linware/synopsys15/dc/packages/adder.sv
Searching for /ecelib/linware/synopsys15/dc/packages/IEEE/adder.sv
Searching for /users/ugrad2/2012/spring/pooriam/libraries/adder.sv
Searching for /users/ugrad/2017/fall/junbaih/CSE132L/project/pipeline_processor/design/adder.sv
Searching for ./flopr.sv
Searching for /ecelib/linware/synopsys15/dc/libraries/syn/flopr.sv
Searching for /ecelib/linware/synopsys15/dc/packages/flopr.sv
Searching for /ecelib/linware/synopsys15/dc/packages/IEEE/flopr.sv
Searching for /users/ugrad2/2012/spring/pooriam/libraries/flopr.sv
Searching for /users/ugrad/2017/fall/junbaih/CSE132L/project/pipeline_processor/design/flopr.sv
Searching for ./imm_Gen.sv
Searching for /ecelib/linware/synopsys15/dc/libraries/syn/imm_Gen.sv
Searching for /ecelib/linware/synopsys15/dc/packages/imm_Gen.sv
Searching for /ecelib/linware/synopsys15/dc/packages/IEEE/imm_Gen.sv
Searching for /users/ugrad2/2012/spring/pooriam/libraries/imm_Gen.sv
Searching for /users/ugrad/2017/fall/junbaih/CSE132L/project/pipeline_processor/design/imm_Gen.sv
Searching for ./mux2.sv
Searching for /ecelib/linware/synopsys15/dc/libraries/syn/mux2.sv
Searching for /ecelib/linware/synopsys15/dc/packages/mux2.sv
Searching for /ecelib/linware/synopsys15/dc/packages/IEEE/mux2.sv
Searching for /users/ugrad2/2012/spring/pooriam/libraries/mux2.sv
Searching for /users/ugrad/2017/fall/junbaih/CSE132L/project/pipeline_processor/design/mux2.sv
Searching for ./mux3t1.sv
Searching for /ecelib/linware/synopsys15/dc/libraries/syn/mux3t1.sv
Searching for /ecelib/linware/synopsys15/dc/packages/mux3t1.sv
Searching for /ecelib/linware/synopsys15/dc/packages/IEEE/mux3t1.sv
Searching for /users/ugrad2/2012/spring/pooriam/libraries/mux3t1.sv
Searching for /users/ugrad/2017/fall/junbaih/CSE132L/project/pipeline_processor/design/mux3t1.sv
Searching for ./ForwardingUnit.sv
Searching for /ecelib/linware/synopsys15/dc/libraries/syn/ForwardingUnit.sv
Searching for /ecelib/linware/synopsys15/dc/packages/ForwardingUnit.sv
Searching for /ecelib/linware/synopsys15/dc/packages/IEEE/ForwardingUnit.sv
Searching for /users/ugrad2/2012/spring/pooriam/libraries/ForwardingUnit.sv
Searching for /users/ugrad/2017/fall/junbaih/CSE132L/project/pipeline_processor/design/ForwardingUnit.sv
Searching for ./HazardDetectUnit.sv
Searching for /ecelib/linware/synopsys15/dc/libraries/syn/HazardDetectUnit.sv
Searching for /ecelib/linware/synopsys15/dc/packages/HazardDetectUnit.sv
Searching for /ecelib/linware/synopsys15/dc/packages/IEEE/HazardDetectUnit.sv
Searching for /users/ugrad2/2012/spring/pooriam/libraries/HazardDetectUnit.sv
Searching for /users/ugrad/2017/fall/junbaih/CSE132L/project/pipeline_processor/design/HazardDetectUnit.sv
Searching for ./IDEXEReg.sv
Searching for /ecelib/linware/synopsys15/dc/libraries/syn/IDEXEReg.sv
Searching for /ecelib/linware/synopsys15/dc/packages/IDEXEReg.sv
Searching for /ecelib/linware/synopsys15/dc/packages/IEEE/IDEXEReg.sv
Searching for /users/ugrad2/2012/spring/pooriam/libraries/IDEXEReg.sv
Searching for /users/ugrad/2017/fall/junbaih/CSE132L/project/pipeline_processor/design/IDEXEReg.sv
Searching for ./IFReg.sv
Searching for /ecelib/linware/synopsys15/dc/libraries/syn/IFReg.sv
Searching for /ecelib/linware/synopsys15/dc/packages/IFReg.sv
Searching for /ecelib/linware/synopsys15/dc/packages/IEEE/IFReg.sv
Searching for /users/ugrad2/2012/spring/pooriam/libraries/IFReg.sv
Searching for /users/ugrad/2017/fall/junbaih/CSE132L/project/pipeline_processor/design/IFReg.sv
Searching for ./MemReg.sv
Searching for /ecelib/linware/synopsys15/dc/libraries/syn/MemReg.sv
Searching for /ecelib/linware/synopsys15/dc/packages/MemReg.sv
Searching for /ecelib/linware/synopsys15/dc/packages/IEEE/MemReg.sv
Searching for /users/ugrad2/2012/spring/pooriam/libraries/MemReg.sv
Searching for /users/ugrad/2017/fall/junbaih/CSE132L/project/pipeline_processor/design/MemReg.sv
Searching for ./WBregFile.sv
Searching for /ecelib/linware/synopsys15/dc/libraries/syn/WBregFile.sv
Searching for /ecelib/linware/synopsys15/dc/packages/WBregFile.sv
Searching for /ecelib/linware/synopsys15/dc/packages/IEEE/WBregFile.sv
Searching for /users/ugrad2/2012/spring/pooriam/libraries/WBregFile.sv
Searching for /users/ugrad/2017/fall/junbaih/CSE132L/project/pipeline_processor/design/WBregFile.sv
Searching for ./datamemory.sv
Searching for /ecelib/linware/synopsys15/dc/libraries/syn/datamemory.sv
Searching for /ecelib/linware/synopsys15/dc/packages/datamemory.sv
Searching for /ecelib/linware/synopsys15/dc/packages/IEEE/datamemory.sv
Searching for /users/ugrad2/2012/spring/pooriam/libraries/datamemory.sv
Searching for /users/ugrad/2017/fall/junbaih/CSE132L/project/pipeline_processor/design/datamemory.sv
Searching for ./instructionmemory.sv
Searching for /ecelib/linware/synopsys15/dc/libraries/syn/instructionmemory.sv
Searching for /ecelib/linware/synopsys15/dc/packages/instructionmemory.sv
Searching for /ecelib/linware/synopsys15/dc/packages/IEEE/instructionmemory.sv
Searching for /users/ugrad2/2012/spring/pooriam/libraries/instructionmemory.sv
Searching for /users/ugrad/2017/fall/junbaih/CSE132L/project/pipeline_processor/design/instructionmemory.sv
Searching for ./ALUController.sv
Searching for /ecelib/linware/synopsys15/dc/libraries/syn/ALUController.sv
Searching for /ecelib/linware/synopsys15/dc/packages/ALUController.sv
Searching for /ecelib/linware/synopsys15/dc/packages/IEEE/ALUController.sv
Searching for /users/ugrad2/2012/spring/pooriam/libraries/ALUController.sv
Searching for /users/ugrad/2017/fall/junbaih/CSE132L/project/pipeline_processor/design/ALUController.sv
Searching for ./alu.sv
Searching for /ecelib/linware/synopsys15/dc/libraries/syn/alu.sv
Searching for /ecelib/linware/synopsys15/dc/packages/alu.sv
Searching for /ecelib/linware/synopsys15/dc/packages/IEEE/alu.sv
Searching for /users/ugrad2/2012/spring/pooriam/libraries/alu.sv
Searching for /users/ugrad/2017/fall/junbaih/CSE132L/project/pipeline_processor/design/alu.sv
Searching for ./RegFile.sv
Searching for /ecelib/linware/synopsys15/dc/libraries/syn/RegFile.sv
Searching for /ecelib/linware/synopsys15/dc/packages/RegFile.sv
Searching for /ecelib/linware/synopsys15/dc/packages/IEEE/RegFile.sv
Searching for /users/ugrad2/2012/spring/pooriam/libraries/RegFile.sv
Searching for /users/ugrad/2017/fall/junbaih/CSE132L/project/pipeline_processor/design/RegFile.sv
Searching for ./Controller.sv
Searching for /ecelib/linware/synopsys15/dc/libraries/syn/Controller.sv
Searching for /ecelib/linware/synopsys15/dc/packages/Controller.sv
Searching for /ecelib/linware/synopsys15/dc/packages/IEEE/Controller.sv
Searching for /users/ugrad2/2012/spring/pooriam/libraries/Controller.sv
Searching for /users/ugrad/2017/fall/junbaih/CSE132L/project/pipeline_processor/design/Controller.sv
Searching for ./Datapath.sv
Searching for /ecelib/linware/synopsys15/dc/libraries/syn/Datapath.sv
Searching for /ecelib/linware/synopsys15/dc/packages/Datapath.sv
Searching for /ecelib/linware/synopsys15/dc/packages/IEEE/Datapath.sv
Searching for /users/ugrad2/2012/spring/pooriam/libraries/Datapath.sv
Searching for /users/ugrad/2017/fall/junbaih/CSE132L/project/pipeline_processor/design/Datapath.sv
Searching for ./RISC_V.sv
Searching for /ecelib/linware/synopsys15/dc/libraries/syn/RISC_V.sv
Searching for /ecelib/linware/synopsys15/dc/packages/RISC_V.sv
Searching for /ecelib/linware/synopsys15/dc/packages/IEEE/RISC_V.sv
Searching for /users/ugrad2/2012/spring/pooriam/libraries/RISC_V.sv
Searching for /users/ugrad/2017/fall/junbaih/CSE132L/project/pipeline_processor/design/RISC_V.sv
Compiling source file /users/ugrad/2017/fall/junbaih/CSE132L/project/pipeline_processor/design/adder.sv
Compiling source file /users/ugrad/2017/fall/junbaih/CSE132L/project/pipeline_processor/design/flopr.sv
Compiling source file /users/ugrad/2017/fall/junbaih/CSE132L/project/pipeline_processor/design/imm_Gen.sv
Compiling source file /users/ugrad/2017/fall/junbaih/CSE132L/project/pipeline_processor/design/mux2.sv
Compiling source file /users/ugrad/2017/fall/junbaih/CSE132L/project/pipeline_processor/design/mux3t1.sv
Compiling source file /users/ugrad/2017/fall/junbaih/CSE132L/project/pipeline_processor/design/ForwardingUnit.sv
Compiling source file /users/ugrad/2017/fall/junbaih/CSE132L/project/pipeline_processor/design/HazardDetectUnit.sv
Compiling source file /users/ugrad/2017/fall/junbaih/CSE132L/project/pipeline_processor/design/IDEXEReg.sv
Compiling source file /users/ugrad/2017/fall/junbaih/CSE132L/project/pipeline_processor/design/IFReg.sv
Compiling source file /users/ugrad/2017/fall/junbaih/CSE132L/project/pipeline_processor/design/MemReg.sv
Compiling source file /users/ugrad/2017/fall/junbaih/CSE132L/project/pipeline_processor/design/WBregFile.sv
Compiling source file /users/ugrad/2017/fall/junbaih/CSE132L/project/pipeline_processor/design/datamemory.sv
Compiling source file /users/ugrad/2017/fall/junbaih/CSE132L/project/pipeline_processor/design/instructionmemory.sv
Compiling source file /users/ugrad/2017/fall/junbaih/CSE132L/project/pipeline_processor/design/ALUController.sv
Compiling source file /users/ugrad/2017/fall/junbaih/CSE132L/project/pipeline_processor/design/alu.sv
Compiling source file /users/ugrad/2017/fall/junbaih/CSE132L/project/pipeline_processor/design/RegFile.sv
Compiling source file /users/ugrad/2017/fall/junbaih/CSE132L/project/pipeline_processor/design/Controller.sv
Compiling source file /users/ugrad/2017/fall/junbaih/CSE132L/project/pipeline_processor/design/Datapath.sv
Compiling source file /users/ugrad/2017/fall/junbaih/CSE132L/project/pipeline_processor/design/RISC_V.sv
Presto compilation completed successfully.
Loading db file '/users/ugrad2/2012/spring/pooriam/libraries/saed32lvt_tt1p05vn40c.db'
Loading db file '/users/ugrad2/2012/spring/pooriam/libraries/saed32sram_tt1p05vn40c.db'
Loading db file '/ecelib/linware/synopsys15/dc/libraries/syn/dw_foundation.sldb'
1
1
