Unable to capture context for thread 15564 in process 15540, can not generate back trace
Exception at PC 0x00007FFA4998BB93
Printing stacktrace...

Unable to capture context for thread 15564 in process 15540, can not generate back trace
Exception at PC 0x00007FFAABFE4008
Exception at PC 0x00007FFAABFE4008
Exception at PC 0x00007FFAABFE4008
Exception at PC 0x00007FFAABFE4008
Exception at PC 0x00007FFAABFE4008
Exception at PC 0x00007FFAABFE4008
Exception at PC 0x00007FFAABFE4008
Exception at PC 0x00007FFAABFE4008
Exception at PC 0x00007FFAABFE4008
Exception at PC 0x00007FFAABFE4008
Exception at PC 0x00007FFAABFE4008
Exception at PC 0x00007FFAABFE4008
Exception at PC 0x00007FFAABFE4008
Exception at PC 0x00007FFAABFE4008
[0]  [0x00007FFA4998BB93]
[1]  [0x00007FFA4998BB93]
[2]  [0x00007FFA4998B4A1]
[3]  [0x00007FFA4998B3EF]
[4]  [0x00007FFA499719FE]
[5]  [0x00007FFA49970ED1]
[6]  [0x00007FFA49970D76]
[7]  [0x00007FFA499179F6]
[8]  [0x00007FFA49907AFB]
[9]  [0x00007FFA49A2E90A]
[10]  [0x00007FFA49A49F87]
[11]  [0x00007FFA49A4A05F]
[12] (BaseThreadInitThunk+0x14) [0x00007FFAAE871FE4]
[13] (RtlUserThreadStart+0x21) [0x00007FFAAEE7EFC1]
Done
Exception at PC 0x00007FFAABFE4008
Exception at PC 0x00007FFAABFE4008
Exception at PC 0x00007FFAABFE4008
Exception at PC 0x00007FFAABFE4008
